This is pdfTeX, Version 3.141592653-2.6-1.40.25 (TeX Live 2023/nixos.org) (preloaded format=pdflatex 1980.1.1)  17 APR 2024 16:33
entering extended mode
 restricted \write18 enabled.
 file:line:error style messages enabled.
 %&-line parsing enabled.
**template.tex
(./template.tex
LaTeX2e <2023-11-01> patch level 1
L3 programming layer <2024-02-20>
(/nix/store/hcsys9ywg5zijynzfda0qwx7k57467d5-texlive-combined-full-2023-final-texmfdist/tex/latex/base/article.cls
Document Class: article 2023/05/17 v1.4n Standard LaTeX document class
(/nix/store/hcsys9ywg5zijynzfda0qwx7k57467d5-texlive-combined-full-2023-final-texmfdist/tex/latex/base/size10.clo
File: size10.clo 2023/05/17 v1.4n Standard LaTeX file (size option)
)
\c@part=\count188
\c@section=\count189
\c@subsection=\count190
\c@subsubsection=\count191
\c@paragraph=\count192
\c@subparagraph=\count193
\c@figure=\count194
\c@table=\count195
\abovecaptionskip=\skip48
\belowcaptionskip=\skip49
\bibindent=\dimen140
) (./arxiv.sty (/nix/store/hcsys9ywg5zijynzfda0qwx7k57467d5-texlive-combined-full-2023-final-texmfdist/tex/latex/geometry/geometry.sty
Package: geometry 2020/01/02 v5.9 Page Geometry
 (/nix/store/hcsys9ywg5zijynzfda0qwx7k57467d5-texlive-combined-full-2023-final-texmfdist/tex/latex/graphics/keyval.sty
Package: keyval 2022/05/29 v1.15 key=value parser (DPC)
\KV@toks@=\toks17
) (/nix/store/hcsys9ywg5zijynzfda0qwx7k57467d5-texlive-combined-full-2023-final-texmfdist/tex/generic/iftex/ifvtex.sty
Package: ifvtex 2019/10/25 v1.7 ifvtex legacy package. Use iftex instead.
 (/nix/store/hcsys9ywg5zijynzfda0qwx7k57467d5-texlive-combined-full-2023-final-texmfdist/tex/generic/iftex/iftex.sty
Package: iftex 2022/02/03 v1.0f TeX engine tests
))
\Gm@cnth=\count196
\Gm@cntv=\count197
\c@Gm@tempcnt=\count198
\Gm@bindingoffset=\dimen141
\Gm@wd@mp=\dimen142
\Gm@odd@mp=\dimen143
\Gm@even@mp=\dimen144
\Gm@layoutwidth=\dimen145
\Gm@layoutheight=\dimen146
\Gm@layouthoffset=\dimen147
\Gm@layoutvoffset=\dimen148
\Gm@dimlist=\toks18
) (/nix/store/hcsys9ywg5zijynzfda0qwx7k57467d5-texlive-combined-full-2023-final-texmfdist/tex/latex/fancyhdr/fancyhdr.sty
Package: fancyhdr 2022/11/09 v4.1 Extensive control of page headers and footers
\f@nch@headwidth=\skip50
\f@nch@O@elh=\skip51
\f@nch@O@erh=\skip52
\f@nch@O@olh=\skip53
\f@nch@O@orh=\skip54
\f@nch@O@elf=\skip55
\f@nch@O@erf=\skip56
\f@nch@O@olf=\skip57
\f@nch@O@orf=\skip58
)
\@abovecaptionskip=\skip59
\@belowcaptionskip=\skip60
) (/nix/store/hcsys9ywg5zijynzfda0qwx7k57467d5-texlive-combined-full-2023-final-texmfdist/tex/latex/base/inputenc.sty
Package: inputenc 2021/02/14 v1.3d Input encoding file
\inpenc@prehook=\toks19
\inpenc@posthook=\toks20
) (/nix/store/hcsys9ywg5zijynzfda0qwx7k57467d5-texlive-combined-full-2023-final-texmfdist/tex/latex/base/fontenc.sty
Package: fontenc 2021/04/29 v2.0v Standard LaTeX package
LaTeX Font Info:    Trying to load font information for T1+ptm on input line 112.
 (/nix/store/hcsys9ywg5zijynzfda0qwx7k57467d5-texlive-combined-full-2023-final-texmfdist/tex/latex/psnfss/t1ptm.fd
File: t1ptm.fd 2001/06/04 font definitions for T1/ptm.
)) (/nix/store/hcsys9ywg5zijynzfda0qwx7k57467d5-texlive-combined-full-2023-final-texmfdist/tex/latex/hyperref/hyperref.sty
Package: hyperref 2024-01-20 v7.01h Hypertext links for LaTeX
 (/nix/store/hcsys9ywg5zijynzfda0qwx7k57467d5-texlive-combined-full-2023-final-texmfdist/tex/latex/kvsetkeys/kvsetkeys.sty
Package: kvsetkeys 2022-10-05 v1.19 Key value parser (HO)
) (/nix/store/hcsys9ywg5zijynzfda0qwx7k57467d5-texlive-combined-full-2023-final-texmfdist/tex/generic/kvdefinekeys/kvdefinekeys.sty
Package: kvdefinekeys 2019-12-19 v1.6 Define keys (HO)
) (/nix/store/hcsys9ywg5zijynzfda0qwx7k57467d5-texlive-combined-full-2023-final-texmfdist/tex/generic/pdfescape/pdfescape.sty
Package: pdfescape 2019/12/09 v1.15 Implements pdfTeX's escape features (HO)
 (/nix/store/hcsys9ywg5zijynzfda0qwx7k57467d5-texlive-combined-full-2023-final-texmfdist/tex/generic/ltxcmds/ltxcmds.sty
Package: ltxcmds 2023-12-04 v1.26 LaTeX kernel commands for general use (HO)
) (/nix/store/hcsys9ywg5zijynzfda0qwx7k57467d5-texlive-combined-full-2023-final-texmfdist/tex/generic/pdftexcmds/pdftexcmds.sty
Package: pdftexcmds 2020-06-27 v0.33 Utility functions of pdfTeX for LuaTeX (HO)
 (/nix/store/hcsys9ywg5zijynzfda0qwx7k57467d5-texlive-combined-full-2023-final-texmfdist/tex/generic/infwarerr/infwarerr.sty
Package: infwarerr 2019/12/03 v1.5 Providing info/warning/error messages (HO)
)
Package pdftexcmds Info: \pdf@primitive is available.
Package pdftexcmds Info: \pdf@ifprimitive is available.
Package pdftexcmds Info: \pdfdraftmode found.
))
(/nix/store/hcsys9ywg5zijynzfda0qwx7k57467d5-texlive-combined-full-2023-final-texmfdist/tex/latex/hycolor/hycolor.sty
Package: hycolor 2020-01-27 v1.10 Color options for hyperref/bookmark (HO)
) (/nix/store/hcsys9ywg5zijynzfda0qwx7k57467d5-texlive-combined-full-2023-final-texmfdist/tex/latex/auxhook/auxhook.sty
Package: auxhook 2019-12-17 v1.6 Hooks for auxiliary files (HO)
) (/nix/store/hcsys9ywg5zijynzfda0qwx7k57467d5-texlive-combined-full-2023-final-texmfdist/tex/latex/hyperref/nameref.sty
Package: nameref 2023-11-26 v2.56 Cross-referencing by name of section
 (/nix/store/hcsys9ywg5zijynzfda0qwx7k57467d5-texlive-combined-full-2023-final-texmfdist/tex/latex/refcount/refcount.sty
Package: refcount 2019/12/15 v3.6 Data extraction from label references (HO)
) (/nix/store/hcsys9ywg5zijynzfda0qwx7k57467d5-texlive-combined-full-2023-final-texmfdist/tex/generic/gettitlestring/gettitlestring.sty
Package: gettitlestring 2019/12/15 v1.6 Cleanup title references (HO)
 (/nix/store/hcsys9ywg5zijynzfda0qwx7k57467d5-texlive-combined-full-2023-final-texmfdist/tex/latex/kvoptions/kvoptions.sty
Package: kvoptions 2022-06-15 v3.15 Key value format for package options (HO)
))
\c@section@level=\count199
) (/nix/store/hcsys9ywg5zijynzfda0qwx7k57467d5-texlive-combined-full-2023-final-texmfdist/tex/latex/etoolbox/etoolbox.sty
Package: etoolbox 2020/10/05 v2.5k e-TeX tools for LaTeX (JAW)
\etb@tempcnta=\count266
)
\@linkdim=\dimen149
\Hy@linkcounter=\count267
\Hy@pagecounter=\count268
 (/nix/store/hcsys9ywg5zijynzfda0qwx7k57467d5-texlive-combined-full-2023-final-texmfdist/tex/latex/hyperref/pd1enc.def
File: pd1enc.def 2024-01-20 v7.01h Hyperref: PDFDocEncoding definition (HO)
Now handling font encoding PD1 ...
... no UTF-8 mapping file for font encoding PD1
) (/nix/store/hcsys9ywg5zijynzfda0qwx7k57467d5-texlive-combined-full-2023-final-texmfdist/tex/generic/intcalc/intcalc.sty
Package: intcalc 2019/12/15 v1.3 Expandable calculations with integers (HO)
)
\Hy@SavedSpaceFactor=\count269
 (/nix/store/hcsys9ywg5zijynzfda0qwx7k57467d5-texlive-combined-full-2023-final-texmfdist/tex/latex/hyperref/puenc.def
File: puenc.def 2024-01-20 v7.01h Hyperref: PDF Unicode definition (HO)
Now handling font encoding PU ...
... no UTF-8 mapping file for font encoding PU
)
Package hyperref Info: Hyper figures OFF on input line 4179.
Package hyperref Info: Link nesting OFF on input line 4184.
Package hyperref Info: Hyper index ON on input line 4187.
Package hyperref Info: Plain pages OFF on input line 4194.
Package hyperref Info: Backreferencing OFF on input line 4199.
Package hyperref Info: Implicit mode ON; LaTeX internals redefined.
Package hyperref Info: Bookmarks ON on input line 4446.
\c@Hy@tempcnt=\count270
 (/nix/store/hcsys9ywg5zijynzfda0qwx7k57467d5-texlive-combined-full-2023-final-texmfdist/tex/latex/url/url.sty
\Urlmuskip=\muskip16
Package: url 2013/09/16  ver 3.4  Verb mode for urls, etc.
)
LaTeX Info: Redefining \url on input line 4784.
\XeTeXLinkMargin=\dimen150
 (/nix/store/hcsys9ywg5zijynzfda0qwx7k57467d5-texlive-combined-full-2023-final-texmfdist/tex/generic/bitset/bitset.sty
Package: bitset 2019/12/09 v1.3 Handle bit-vector datatype (HO)
 (/nix/store/hcsys9ywg5zijynzfda0qwx7k57467d5-texlive-combined-full-2023-final-texmfdist/tex/generic/bigintcalc/bigintcalc.sty
Package: bigintcalc 2019/12/15 v1.5 Expandable calculations on big integers (HO)
))
\Fld@menulength=\count271
\Field@Width=\dimen151
\Fld@charsize=\dimen152
Package hyperref Info: Hyper figures OFF on input line 6063.
Package hyperref Info: Link nesting OFF on input line 6068.
Package hyperref Info: Hyper index ON on input line 6071.
Package hyperref Info: backreferencing OFF on input line 6078.
Package hyperref Info: Link coloring OFF on input line 6083.
Package hyperref Info: Link coloring with OCG OFF on input line 6088.
Package hyperref Info: PDF/A mode OFF on input line 6093.
 (/nix/store/hcsys9ywg5zijynzfda0qwx7k57467d5-texlive-combined-full-2023-final-texmfdist/tex/latex/base/atbegshi-ltx.sty
Package: atbegshi-ltx 2021/01/10 v1.0c Emulation of the original atbegshi
package with kernel methods
)
\Hy@abspage=\count272
\c@Item=\count273
\c@Hfootnote=\count274
)
Package hyperref Info: Driver (autodetected): hpdftex.
 (/nix/store/hcsys9ywg5zijynzfda0qwx7k57467d5-texlive-combined-full-2023-final-texmfdist/tex/latex/hyperref/hpdftex.def
File: hpdftex.def 2024-01-20 v7.01h Hyperref driver for pdfTeX
 (/nix/store/hcsys9ywg5zijynzfda0qwx7k57467d5-texlive-combined-full-2023-final-texmfdist/tex/latex/base/atveryend-ltx.sty
Package: atveryend-ltx 2020/08/19 v1.0a Emulation of the original atveryend package
with kernel methods
)
\Fld@listcount=\count275
\c@bookmark@seq@number=\count276

(/nix/store/hcsys9ywg5zijynzfda0qwx7k57467d5-texlive-combined-full-2023-final-texmfdist/tex/latex/rerunfilecheck/rerunfilecheck.sty
Package: rerunfilecheck 2022-07-10 v1.10 Rerun checks for auxiliary files (HO)
 (/nix/store/hcsys9ywg5zijynzfda0qwx7k57467d5-texlive-combined-full-2023-final-texmfdist/tex/generic/uniquecounter/uniquecounter.sty
Package: uniquecounter 2019/12/15 v1.4 Provide unlimited unique counter (HO)
)
Package uniquecounter Info: New unique counter `rerunfilecheck' on input line 285.
)
\Hy@SectionHShift=\skip61
) (/nix/store/hcsys9ywg5zijynzfda0qwx7k57467d5-texlive-combined-full-2023-final-texmfdist/tex/latex/booktabs/booktabs.sty
Package: booktabs 2020/01/12 v1.61803398 Publication quality tables
\heavyrulewidth=\dimen153
\lightrulewidth=\dimen154
\cmidrulewidth=\dimen155
\belowrulesep=\dimen156
\belowbottomsep=\dimen157
\aboverulesep=\dimen158
\abovetopsep=\dimen159
\cmidrulesep=\dimen160
\cmidrulekern=\dimen161
\defaultaddspace=\dimen162
\@cmidla=\count277
\@cmidlb=\count278
\@aboverulesep=\dimen163
\@belowrulesep=\dimen164
\@thisruleclass=\count279
\@lastruleclass=\count280
\@thisrulewidth=\dimen165
) (/nix/store/hcsys9ywg5zijynzfda0qwx7k57467d5-texlive-combined-full-2023-final-texmfdist/tex/latex/amsfonts/amsfonts.sty
Package: amsfonts 2013/01/14 v3.01 Basic AMSFonts support
\@emptytoks=\toks21
\symAMSa=\mathgroup4
\symAMSb=\mathgroup5
LaTeX Font Info:    Redeclaring math symbol \hbar on input line 98.
LaTeX Font Info:    Overwriting math alphabet `\mathfrak' in version `bold'
(Font)                  U/euf/m/n --> U/euf/b/n on input line 106.
) (/nix/store/hcsys9ywg5zijynzfda0qwx7k57467d5-texlive-combined-full-2023-final-texmfdist/tex/latex/units/nicefrac.sty
Package: nicefrac 1998/08/04 v0.9b Nice fractions
\L@UnitsRaiseDisplaystyle=\skip62
\L@UnitsRaiseTextstyle=\skip63
\L@UnitsRaiseScriptstyle=\skip64
 (/nix/store/hcsys9ywg5zijynzfda0qwx7k57467d5-texlive-combined-full-2023-final-texmfdist/tex/latex/base/ifthen.sty
Package: ifthen 2022/04/13 v1.1d Standard LaTeX ifthen package (DPC)
)) (/nix/store/hcsys9ywg5zijynzfda0qwx7k57467d5-texlive-combined-full-2023-final-texmfdist/tex/latex/microtype/microtype.sty
Package: microtype 2023/03/13 v3.1a Micro-typographical refinements (RS)
\MT@toks=\toks22
\MT@tempbox=\box51
\MT@count=\count281
LaTeX Info: Redefining \noprotrusionifhmode on input line 1059.
LaTeX Info: Redefining \leftprotrusion on input line 1060.
\MT@prot@toks=\toks23
LaTeX Info: Redefining \rightprotrusion on input line 1078.
LaTeX Info: Redefining \textls on input line 1368.
\MT@outer@kern=\dimen166
LaTeX Info: Redefining \textmicrotypecontext on input line 1988.
\MT@listname@count=\count282
 (/nix/store/hcsys9ywg5zijynzfda0qwx7k57467d5-texlive-combined-full-2023-final-texmfdist/tex/latex/microtype/microtype-pdftex.def
File: microtype-pdftex.def 2023/03/13 v3.1a Definitions specific to pdftex (RS)
LaTeX Info: Redefining \lsstyle on input line 902.
LaTeX Info: Redefining \lslig on input line 902.
\MT@outer@space=\skip65
)
Package microtype Info: Loading configuration file microtype.cfg.
 (/nix/store/hcsys9ywg5zijynzfda0qwx7k57467d5-texlive-combined-full-2023-final-texmfdist/tex/latex/microtype/microtype.cfg
File: microtype.cfg 2023/03/13 v3.1a microtype main configuration file (RS)
)) (/nix/store/hcsys9ywg5zijynzfda0qwx7k57467d5-texlive-combined-full-2023-final-texmfdist/tex/latex/cleveref/cleveref.sty
Package: cleveref 2018/03/27 v0.21.4 Intelligent cross-referencing
Package cleveref Info: `hyperref' support loaded on input line 2370.
LaTeX Info: Redefining \cref on input line 2370.
LaTeX Info: Redefining \Cref on input line 2370.
LaTeX Info: Redefining \crefrange on input line 2370.
LaTeX Info: Redefining \Crefrange on input line 2370.
LaTeX Info: Redefining \cpageref on input line 2370.
LaTeX Info: Redefining \Cpageref on input line 2370.
LaTeX Info: Redefining \cpagerefrange on input line 2370.
LaTeX Info: Redefining \Cpagerefrange on input line 2370.
LaTeX Info: Redefining \labelcref on input line 2370.
LaTeX Info: Redefining \labelcpageref on input line 2370.
) (/nix/store/hcsys9ywg5zijynzfda0qwx7k57467d5-texlive-combined-full-2023-final-texmfdist/tex/latex/lipsum/lipsum.sty (/nix/store/hcsys9ywg5zijynzfda0qwx7k57467d5-texlive-combined-full-2023-final-texmfdist/tex/latex/l3packages/l3keys2e/l3keys2e.sty (/nix/store/hcsys9ywg5zijynzfda0qwx7k57467d5-texlive-combined-full-2023-final-texmfdist/tex/latex/l3kernel/expl3.sty
Package: expl3 2024-02-20 L3 programming layer (loader) 
 (/nix/store/hcsys9ywg5zijynzfda0qwx7k57467d5-texlive-combined-full-2023-final-texmfdist/tex/latex/l3backend/l3backend-pdftex.def
File: l3backend-pdftex.def 2024-02-20 L3 backend support: PDF output (pdfTeX)
\l__color_backend_stack_int=\count283
\l__pdf_internal_box=\box52
))
Package: l3keys2e 2024-02-18 LaTeX2e option processing using LaTeX3 keys
)
Package: lipsum 2021-09-20 v2.7 150 paragraphs of Lorem Ipsum dummy text
\g__lipsum_par_int=\count284
\l__lipsum_a_int=\count285
\l__lipsum_b_int=\count286
 (/nix/store/hcsys9ywg5zijynzfda0qwx7k57467d5-texlive-combined-full-2023-final-texmfdist/tex/latex/lipsum/lipsum.ltd.tex)) (/nix/store/hcsys9ywg5zijynzfda0qwx7k57467d5-texlive-combined-full-2023-final-texmfdist/tex/latex/graphics/graphicx.sty
Package: graphicx 2021/09/16 v1.2d Enhanced LaTeX Graphics (DPC,SPQR)

(/nix/store/hcsys9ywg5zijynzfda0qwx7k57467d5-texlive-combined-full-2023-final-texmfdist/tex/latex/graphics/graphics.sty
Package: graphics 2022/03/10 v1.4e Standard LaTeX Graphics (DPC,SPQR)
 (/nix/store/hcsys9ywg5zijynzfda0qwx7k57467d5-texlive-combined-full-2023-final-texmfdist/tex/latex/graphics/trig.sty
Package: trig 2021/08/11 v1.11 sin cos tan (DPC)
) (/nix/store/hcsys9ywg5zijynzfda0qwx7k57467d5-texlive-combined-full-2023-final-texmfdist/tex/latex/graphics-cfg/graphics.cfg
File: graphics.cfg 2016/06/04 v1.11 sample graphics configuration
)
Package graphics Info: Driver file: pdftex.def on input line 107.
 (/nix/store/hcsys9ywg5zijynzfda0qwx7k57467d5-texlive-combined-full-2023-final-texmfdist/tex/latex/graphics-def/pdftex.def
File: pdftex.def 2022/09/22 v1.2b Graphics/color driver for pdftex
))
\Gin@req@height=\dimen167
\Gin@req@width=\dimen168
) (/nix/store/hcsys9ywg5zijynzfda0qwx7k57467d5-texlive-combined-full-2023-final-texmfdist/tex/latex/natbib/natbib.sty
Package: natbib 2010/09/13 8.31b (PWD, AO)
\bibhang=\skip66
\bibsep=\skip67
LaTeX Info: Redefining \cite on input line 694.
\c@NAT@ctr=\count287
) (/nix/store/hcsys9ywg5zijynzfda0qwx7k57467d5-texlive-combined-full-2023-final-texmfdist/tex/latex/doi/doi.sty
Package: doi 2018/09/09 handle doi numbers
) (/nix/store/hcsys9ywg5zijynzfda0qwx7k57467d5-texlive-combined-full-2023-final-texmfdist/tex/latex/preprint/authblk.sty
Package: authblk 2001/02/27 1.3 (PWD)
\affilsep=\skip68
\@affilsep=\skip69
\c@Maxaffil=\count288
\c@authors=\count289
\c@affil=\count290
)
\orcid=\box53
<orcid.pdf, id=1, 102.3825pt x 102.3825pt>
File: orcid.pdf Graphic file (type pdf)
<use orcid.pdf>
Package pdftex.def Info: orcid.pdf  used on input line 51.
(pdftex.def)             Requested size: 6.14267pt x 6.14267pt.
 (./template.aux)
\openout1 = `template.aux'.

LaTeX Font Info:    Checking defaults for OML/cmm/m/it on input line 77.
LaTeX Font Info:    ... okay on input line 77.
LaTeX Font Info:    Checking defaults for OMS/cmsy/m/n on input line 77.
LaTeX Font Info:    ... okay on input line 77.
LaTeX Font Info:    Checking defaults for OT1/cmr/m/n on input line 77.
LaTeX Font Info:    ... okay on input line 77.
LaTeX Font Info:    Checking defaults for T1/cmr/m/n on input line 77.
LaTeX Font Info:    ... okay on input line 77.
LaTeX Font Info:    Checking defaults for TS1/cmr/m/n on input line 77.
LaTeX Font Info:    ... okay on input line 77.
LaTeX Font Info:    Checking defaults for OMX/cmex/m/n on input line 77.
LaTeX Font Info:    ... okay on input line 77.
LaTeX Font Info:    Checking defaults for U/cmr/m/n on input line 77.
LaTeX Font Info:    ... okay on input line 77.
LaTeX Font Info:    Checking defaults for PD1/pdf/m/n on input line 77.
LaTeX Font Info:    ... okay on input line 77.
LaTeX Font Info:    Checking defaults for PU/pdf/m/n on input line 77.
LaTeX Font Info:    ... okay on input line 77.

*geometry* driver: auto-detecting
*geometry* detected driver: pdftex
*geometry* verbose mode - [ preamble ] result:
* driver: pdftex
* paper: letterpaper
* layout: <same size as paper>
* layoutoffset:(h,v)=(0.0pt,0.0pt)
* modes: 
* h-part:(L,W,R)=(92.14519pt, 430.00462pt, 92.14519pt)
* v-part:(T,H,B)=(95.39737pt, 556.47656pt, 143.09605pt)
* \paperwidth=614.295pt
* \paperheight=794.96999pt
* \textwidth=430.00462pt
* \textheight=556.47656pt
* \oddsidemargin=19.8752pt
* \evensidemargin=19.8752pt
* \topmargin=-13.87262pt
* \headheight=12.0pt
* \headsep=25.0pt
* \topskip=10.0pt
* \footskip=30.0pt
* \marginparwidth=65.0pt
* \marginparsep=11.0pt
* \columnsep=10.0pt
* \skip\footins=9.0pt plus 4.0pt minus 2.0pt
* \hoffset=0.0pt
* \voffset=0.0pt
* \mag=1000
* \@twocolumnfalse
* \@twosidefalse
* \@mparswitchfalse
* \@reversemarginfalse
* (1in=72.27pt=25.4mm, 1cm=28.453pt)

*geometry* verbose mode - [ newgeometry ] result:
* driver: pdftex
* paper: letterpaper
* layout: <same size as paper>
* layoutoffset:(h,v)=(0.0pt,0.0pt)
* modes: 
* h-part:(L,W,R)=(72.27pt, 469.75499pt, 72.27pt)
* v-part:(T,H,B)=(72.26999pt, 650.43pt, 72.27pt)
* \paperwidth=614.295pt
* \paperheight=794.96999pt
* \textwidth=469.75499pt
* \textheight=650.43pt
* \oddsidemargin=0.00002pt
* \evensidemargin=0.00002pt
* \topmargin=-39.0pt
* \headheight=14.0pt
* \headsep=25.0pt
* \topskip=10.0pt
* \footskip=30.0pt
* \marginparwidth=65.0pt
* \marginparsep=11.0pt
* \columnsep=10.0pt
* \skip\footins=9.0pt plus 4.0pt minus 2.0pt
* \hoffset=0.0pt
* \voffset=0.0pt
* \mag=1000
* \@twocolumnfalse
* \@twosidefalse
* \@mparswitchfalse
* \@reversemarginfalse
* (1in=72.27pt=25.4mm, 1cm=28.453pt)

Package hyperref Info: Link coloring OFF on input line 77.
(./template.out) (./template.out)
\@outlinefile=\write3
\openout3 = `template.out'.

LaTeX Info: Redefining \microtypecontext on input line 77.
Package microtype Info: Applying patch `item' on input line 77.
Package microtype Info: Applying patch `toc' on input line 77.
Package microtype Info: Applying patch `eqnum' on input line 77.
Package microtype Info: Applying patch `footnote' on input line 77.
Package microtype Info: Applying patch `verbatim' on input line 77.
Package microtype Info: Generating PDF output.
Package microtype Info: Character protrusion enabled (level 2).
Package microtype Info: Using default protrusion set `alltext'.
Package microtype Info: Automatic font expansion enabled (level 2),
(microtype)             stretch: 20, shrink: 20, step: 1, non-selected.
Package microtype Info: Using default expansion set `alltext-nott'.
LaTeX Info: Redefining \showhyphens on input line 77.
Package microtype Info: No adjustment of tracking.
Package microtype Info: No adjustment of interword spacing.
Package microtype Info: No adjustment of character kerning.
 (/nix/store/hcsys9ywg5zijynzfda0qwx7k57467d5-texlive-combined-full-2023-final-texmfdist/tex/latex/microtype/mt-ptm.cfg
File: mt-ptm.cfg 2006/04/20 v1.7 microtype config. file: Times (RS)
) (/nix/store/hcsys9ywg5zijynzfda0qwx7k57467d5-texlive-combined-full-2023-final-texmfdist/tex/context/base/mkii/supp-pdf.mkii
[Loading MPS to PDF converter (version 2006.09.02).]
\scratchcounter=\count291
\scratchdimen=\dimen169
\scratchbox=\box54
\nofMPsegments=\count292
\nofMParguments=\count293
\everyMPshowfont=\toks24
\MPscratchCnt=\count294
\MPscratchDim=\dimen170
\MPnumerator=\count295
\makeMPintoPDFobject=\count296
\everyMPtoPDFconversion=\toks25
) (/nix/store/hcsys9ywg5zijynzfda0qwx7k57467d5-texlive-combined-full-2023-final-texmfdist/tex/latex/epstopdf-pkg/epstopdf-base.sty
Package: epstopdf-base 2020-01-24 v2.11 Base part for package epstopdf
Package epstopdf-base Info: Redefining graphics rule for `.eps' on input line 485.
 (/nix/store/hcsys9ywg5zijynzfda0qwx7k57467d5-texlive-combined-full-2023-final-texmfdist/tex/latex/latexconfig/epstopdf-sys.cfg
File: epstopdf-sys.cfg 2010/07/13 v1.3 Configuration of (r)epstopdf for TeX Live
)) (/nix/store/hcsys9ywg5zijynzfda0qwx7k57467d5-texlive-combined-full-2023-final-texmfdist/tex/latex/microtype/mt-cmr.cfg
File: mt-cmr.cfg 2013/05/19 v2.2 microtype config. file: Computer Modern Roman (RS)
)
LaTeX Font Info:    Trying to load font information for U+msa on input line 78.
 (/nix/store/hcsys9ywg5zijynzfda0qwx7k57467d5-texlive-combined-full-2023-final-texmfdist/tex/latex/amsfonts/umsa.fd
File: umsa.fd 2013/01/14 v3.01 AMS symbols A
) (/nix/store/hcsys9ywg5zijynzfda0qwx7k57467d5-texlive-combined-full-2023-final-texmfdist/tex/latex/microtype/mt-msa.cfg
File: mt-msa.cfg 2006/02/04 v1.1 microtype config. file: AMS symbols (a) (RS)
)
LaTeX Font Info:    Trying to load font information for U+msb on input line 78.
 (/nix/store/hcsys9ywg5zijynzfda0qwx7k57467d5-texlive-combined-full-2023-final-texmfdist/tex/latex/amsfonts/umsb.fd
File: umsb.fd 2013/01/14 v3.01 AMS symbols B
) (/nix/store/hcsys9ywg5zijynzfda0qwx7k57467d5-texlive-combined-full-2023-final-texmfdist/tex/latex/microtype/mt-msb.cfg
File: mt-msb.cfg 2005/06/01 v1.0 microtype config. file: AMS symbols (b) (RS)
)
LaTeX Font Info:    Trying to load font information for TS1+ptm on input line 78.
 (/nix/store/hcsys9ywg5zijynzfda0qwx7k57467d5-texlive-combined-full-2023-final-texmfdist/tex/latex/psnfss/ts1ptm.fd
File: ts1ptm.fd 2001/06/04 font definitions for TS1/ptm.
)
LaTeX Font Info:    Trying to load font information for T1+cmtt on input line 78.
 (/nix/store/hcsys9ywg5zijynzfda0qwx7k57467d5-texlive-combined-full-2023-final-texmfdist/tex/latex/base/t1cmtt.fd
File: t1cmtt.fd 2023/04/13 v2.5m Standard LaTeX font definitions
)
Package microtype Info: Loading generic protrusion settings for font family
(microtype)             `cmtt' (encoding: T1).
(microtype)             For optimal results, create family-specific settings.
(microtype)             See the microtype manual for details.
 (./template.bbl

Package natbib Warning: Empty `thebibliography' environment on input line 8.

) [1


{/nix/store/a5bipbzrq34xnqy9p46raa4wagvchk43-texlive-combined-full-2023-final/share/texmf-var/fonts/map/pdftex/updmap/pdftex.map}{/nix/store/hcsys9ywg5zijynzfda0qwx7k57467d5-texlive-combined-full-2023-final-texmfdist/fonts/enc/dvips/base/8r.enc}{/nix/store/hcsys9ywg5zijynzfda0qwx7k57467d5-texlive-combined-full-2023-final-texmfdist/fonts/enc/dvips/cm-super/cm-super-t1.enc} <./orcid.pdf>] (./template.aux)
 ***********
LaTeX2e <2023-11-01> patch level 1
L3 programming layer <2024-02-20>
 ***********
Package rerunfilecheck Info: File `template.out' has not changed.
(rerunfilecheck)             Checksum: 9814C2D956916ADB9290ECA4E25C967A;103.
 ) 
Here is how much of TeX's memory you used:
 14245 strings out of 474116
 249222 string characters out of 5717523
 1931187 words of memory out of 5000000
 36321 multiletter control sequences out of 15000+600000
 603841 words of font info for 123 fonts, out of 8000000 for 9000
 1141 hyphenation exceptions out of 8191
 79i,6n,93p,1005b,448s stack positions out of 10000i,1000n,20000p,200000b,200000s
</nix/store/hcsys9ywg5zijynzfda0qwx7k57467d5-texlive-combined-full-2023-final-texmfdist/fonts/type1/public/amsfonts/cm/cmsy10.pfb></nix/store/hcsys9ywg5zijynzfda0qwx7k57467d5-texlive-combined-full-2023-final-texmfdist/fonts/type1/public/amsfonts/cm/cmsy6.pfb></nix/store/hcsys9ywg5zijynzfda0qwx7k57467d5-texlive-combined-full-2023-final-texmfdist/fonts/type1/public/cm-super/sftt0900.pfb></nix/store/hcsys9ywg5zijynzfda0qwx7k57467d5-texlive-combined-full-2023-final-texmfdist/fonts/type1/urw/times/utmb8a.pfb></nix/store/hcsys9ywg5zijynzfda0qwx7k57467d5-texlive-combined-full-2023-final-texmfdist/fonts/type1/urw/times/utmbi8a.pfb></nix/store/hcsys9ywg5zijynzfda0qwx7k57467d5-texlive-combined-full-2023-final-texmfdist/fonts/type1/urw/times/utmr8a.pfb>
Output written on template.pdf (1 page, 88847 bytes).
PDF statistics:
 58 PDF objects out of 1000 (max. 8388607)
 40 compressed objects within 1 object stream
 4 named destinations out of 1000 (max. 500000)
 48142 words of extra memory for PDF output out of 51595 (max. 10000000)

